2024-10-08 17:41:55,277 INFO Visited main page
2024-10-08 17:41:58,746 INFO Visited privacy page
2024-10-08 17:42:01,911 INFO Visited contacts page
2024-10-08 17:42:02,739 INFO Visited privacy page
2024-10-08 17:42:03,598 INFO Visited vacancies page
2024-10-08 17:42:03,980 INFO Visited contacts page
2024-10-08 17:42:04,703 INFO Visited vacancies page
2024-10-08 17:42:06,625 INFO Visited privacy page
2024-10-08 17:42:10,571 INFO Visited contacts page
2024-10-08 17:42:28,333 INFO Visited contacts page
2024-10-08 17:42:29,137 INFO Visited contacts page
2024-10-08 17:42:32,280 INFO Visited contacts page
2024-10-08 17:42:33,586 INFO Visited vacancies page
2024-10-08 17:42:35,694 INFO Visited privacy page
2024-10-08 17:42:41,003 INFO Visited coupons page
2024-10-08 17:42:42,940 INFO Visited news page
2024-10-08 17:49:29,399 INFO Visited coupons page
2024-10-08 17:49:30,130 INFO Visited main page
2024-10-08 17:50:24,399 INFO Visited vacancies page
2024-10-08 17:50:41,976 INFO Visited contacts page
2024-10-08 17:50:43,581 INFO Visited coupons page
2024-10-08 17:50:44,584 INFO Visited main page
2024-10-08 17:50:46,725 INFO Visited news page
2024-10-08 17:53:42,187 INFO Visited main page
2024-10-08 17:53:52,452 INFO Visited news page
2024-10-08 17:57:59,083 INFO Visited news page
2024-10-08 17:59:05,801 INFO Visited news page
2024-10-08 18:00:24,301 INFO Visited news page
2024-10-08 18:00:33,357 WARNING Not Found: /favicon.ico
2024-10-08 18:03:12,545 INFO Visited news page
2024-10-08 18:04:46,788 ERROR Internal Server Error: /news/7
Traceback (most recent call last):
  File "C:\Program Files\Python311\Lib\site-packages\django\core\handlers\exception.py", line 55, in inner
    response = get_response(request)
               ^^^^^^^^^^^^^^^^^^^^^
  File "C:\Program Files\Python311\Lib\site-packages\django\core\handlers\base.py", line 220, in _get_response
    response = response.render()
               ^^^^^^^^^^^^^^^^^
  File "C:\Program Files\Python311\Lib\site-packages\django\template\response.py", line 114, in render
    self.content = self.rendered_content
                   ^^^^^^^^^^^^^^^^^^^^^
  File "C:\Program Files\Python311\Lib\site-packages\django\template\response.py", line 90, in rendered_content
    template = self.resolve_template(self.template_name)
               ^^^^^^^^^^^^^^^^^^^^^^^^^^^^^^^^^^^^^^^^^
  File "C:\Program Files\Python311\Lib\site-packages\django\template\response.py", line 72, in resolve_template
    return select_template(template, using=self.using)
           ^^^^^^^^^^^^^^^^^^^^^^^^^^^^^^^^^^^^^^^^^^^
  File "C:\Program Files\Python311\Lib\site-packages\django\template\loader.py", line 42, in select_template
    return engine.get_template(template_name)
           ^^^^^^^^^^^^^^^^^^^^^^^^^^^^^^^^^^
  File "C:\Program Files\Python311\Lib\site-packages\django\template\backends\django.py", line 33, in get_template
    return Template(self.engine.get_template(template_name), self)
                    ^^^^^^^^^^^^^^^^^^^^^^^^^^^^^^^^^^^^^^^
  File "C:\Program Files\Python311\Lib\site-packages\django\template\engine.py", line 177, in get_template
    template, origin = self.find_template(template_name)
                       ^^^^^^^^^^^^^^^^^^^^^^^^^^^^^^^^^
  File "C:\Program Files\Python311\Lib\site-packages\django\template\engine.py", line 159, in find_template
    template = loader.get_template(name, skip=skip)
               ^^^^^^^^^^^^^^^^^^^^^^^^^^^^^^^^^^^^
  File "C:\Program Files\Python311\Lib\site-packages\django\template\loaders\cached.py", line 57, in get_template
    template = super().get_template(template_name, skip)
               ^^^^^^^^^^^^^^^^^^^^^^^^^^^^^^^^^^^^^^^^^
  File "C:\Program Files\Python311\Lib\site-packages\django\template\loaders\base.py", line 28, in get_template
    return Template(
           ^^^^^^^^^
  File "C:\Program Files\Python311\Lib\site-packages\django\template\base.py", line 154, in __init__
    self.nodelist = self.compile_nodelist()
                    ^^^^^^^^^^^^^^^^^^^^^^^
  File "C:\Program Files\Python311\Lib\site-packages\django\template\base.py", line 196, in compile_nodelist
    return parser.parse()
           ^^^^^^^^^^^^^^
  File "C:\Program Files\Python311\Lib\site-packages\django\template\base.py", line 510, in parse
    raise self.error(token, e)
  File "C:\Program Files\Python311\Lib\site-packages\django\template\base.py", line 508, in parse
    compiled_result = compile_func(self, token)
                      ^^^^^^^^^^^^^^^^^^^^^^^^^
  File "C:\Program Files\Python311\Lib\site-packages\django\template\loader_tags.py", line 295, in do_extends
    nodelist = parser.parse()
               ^^^^^^^^^^^^^^
  File "C:\Program Files\Python311\Lib\site-packages\django\template\base.py", line 510, in parse
    raise self.error(token, e)
  File "C:\Program Files\Python311\Lib\site-packages\django\template\base.py", line 508, in parse
    compiled_result = compile_func(self, token)
                      ^^^^^^^^^^^^^^^^^^^^^^^^^
  File "C:\Program Files\Python311\Lib\site-packages\django\template\loader_tags.py", line 234, in do_block
    nodelist = parser.parse(("endblock",))
               ^^^^^^^^^^^^^^^^^^^^^^^^^^^
  File "C:\Program Files\Python311\Lib\site-packages\django\template\base.py", line 510, in parse
    raise self.error(token, e)
  File "C:\Program Files\Python311\Lib\site-packages\django\template\base.py", line 508, in parse
    compiled_result = compile_func(self, token)
                      ^^^^^^^^^^^^^^^^^^^^^^^^^
  File "C:\Program Files\Python311\Lib\site-packages\django\template\defaulttags.py", line 860, in do_for
    sequence = parser.compile_filter(bits[in_index + 1])
               ^^^^^^^^^^^^^^^^^^^^^^^^^^^^^^^^^^^^^^^^^
  File "C:\Program Files\Python311\Lib\site-packages\django\template\base.py", line 597, in compile_filter
    return FilterExpression(token, self)
           ^^^^^^^^^^^^^^^^^^^^^^^^^^^^^
  File "C:\Program Files\Python311\Lib\site-packages\django\template\base.py", line 698, in __init__
    raise TemplateSyntaxError(
django.template.exceptions.TemplateSyntaxError: Could not parse the remainder: '('')' from 'new.content.split('')'
2024-10-08 18:08:05,480 INFO Visited main page
2024-10-08 18:08:13,620 INFO Visited main page
2024-10-08 18:08:15,828 INFO Visited main page
2024-10-08 18:08:18,254 INFO Visited review page
2024-10-08 18:09:18,225 WARNING Forbidden (CSRF token from POST incorrect.): /reviews
2024-10-08 18:09:24,922 INFO Visited review page
2024-10-08 18:09:41,071 INFO Visited review page
2024-10-08 18:09:42,457 INFO Visited main page
2024-10-08 18:09:45,061 INFO Visited review page
2024-10-08 18:10:05,852 INFO Visited review page
2024-10-08 18:10:06,544 INFO Visited review page
2024-10-08 18:10:28,278 INFO Visited main page
2024-10-08 18:10:30,893 INFO Visited review page
2024-10-08 18:10:33,537 INFO Changed a review
2024-10-08 18:10:33,557 INFO Visited review page
2024-10-08 18:12:52,210 INFO Visited review page
2024-10-08 18:14:07,137 INFO Visited review page
2024-10-08 18:14:07,690 INFO Visited review page
2024-10-08 18:14:08,277 INFO Visited review page
2024-10-08 18:14:08,559 INFO Visited review page
2024-10-08 18:14:08,788 INFO Visited review page
2024-10-08 18:14:08,958 INFO Visited review page
2024-10-08 18:14:21,600 INFO Visited review page
2024-10-08 18:14:37,389 INFO Visited review page
2024-10-08 18:14:52,993 INFO Visited review page
2024-10-08 18:15:13,666 INFO Visited review page
2024-10-08 18:15:14,039 INFO Visited review page
2024-10-08 18:15:14,345 INFO Visited review page
2024-10-08 18:15:14,856 INFO Visited review page
2024-10-08 18:15:26,014 INFO Visited review page
2024-10-08 18:15:26,429 INFO Visited review page
2024-10-08 18:15:26,729 INFO Visited review page
2024-10-08 18:15:29,594 INFO Visited review page
2024-10-08 18:15:29,945 INFO Visited review page
2024-10-08 18:15:30,404 INFO Visited review page
2024-10-08 18:15:52,539 INFO Visited review page
2024-10-08 18:15:52,944 INFO Visited review page
2024-10-08 18:16:23,574 INFO Visited review page
2024-10-08 18:16:23,885 INFO Visited review page
2024-10-08 18:16:24,141 INFO Visited review page
2024-10-08 18:16:25,008 INFO Visited review page
2024-10-08 18:16:25,273 INFO Visited review page
2024-10-08 18:16:30,517 INFO Visited review page
2024-10-08 18:16:31,025 INFO Visited review page
2024-10-08 18:16:31,415 INFO Visited review page
2024-10-08 18:16:31,638 INFO Visited review page
2024-10-08 18:16:31,877 INFO Visited review page
2024-10-08 18:16:32,092 INFO Visited review page
2024-10-08 18:16:36,896 INFO Visited review page
2024-10-08 18:16:37,291 INFO Visited review page
2024-10-08 18:16:37,560 INFO Visited review page
2024-10-08 18:16:37,790 INFO Visited review page
2024-10-08 18:16:38,007 INFO Visited review page
2024-10-08 18:16:38,116 INFO Visited review page
2024-10-08 18:16:47,244 INFO Visited review page
2024-10-08 18:16:47,434 INFO Visited review page
2024-10-08 18:16:47,717 INFO Visited review page
2024-10-08 18:16:47,790 INFO Visited review page
2024-10-08 18:16:48,058 INFO Visited review page
2024-10-08 18:16:48,205 INFO Visited review page
2024-10-08 18:16:48,431 INFO Visited review page
2024-10-08 18:17:11,685 INFO Visited review page
2024-10-08 18:17:12,188 INFO Visited review page
2024-10-08 18:17:12,506 INFO Visited review page
2024-10-08 18:17:12,749 INFO Visited review page
2024-10-08 18:17:12,960 INFO Visited review page
2024-10-08 18:17:13,215 INFO Visited review page
2024-10-08 18:17:13,439 INFO Visited review page
2024-10-08 18:17:13,673 INFO Visited review page
2024-10-08 18:17:13,856 INFO Visited review page
2024-10-08 18:18:06,224 INFO Visited review page
2024-10-08 18:18:06,870 INFO Visited review page
2024-10-08 18:18:26,366 INFO Visited review page
2024-10-08 18:18:50,038 INFO Visited review page
2024-10-08 18:18:50,542 INFO Visited review page
2024-10-08 18:19:32,253 INFO Visited review page
2024-10-08 18:19:32,679 INFO Visited review page
2024-10-08 18:20:43,979 INFO Visited main page
2024-10-08 18:21:10,700 INFO Visited main page
2024-10-08 18:21:11,473 INFO Visited main page
2024-10-08 18:21:14,997 INFO Visited main page
2024-10-08 18:22:00,666 INFO Visited main page
2024-10-08 18:22:01,224 INFO Visited main page
2024-10-08 18:22:02,992 INFO Visited main page
2024-10-08 18:22:03,815 INFO Visited main page
2024-10-08 18:22:05,339 INFO Visited main page
2024-10-08 18:22:05,682 INFO Visited main page
2024-10-08 18:22:16,700 INFO Visited main page
2024-10-08 18:22:18,355 INFO Visited main page
2024-10-08 18:22:32,239 INFO Visited main page
2024-10-08 18:22:33,674 INFO Visited main page
2024-10-08 18:24:47,133 INFO Visited main page
2024-10-08 18:24:47,974 INFO Visited main page
2024-10-08 18:24:49,833 INFO Visited main page
2024-10-08 18:24:50,430 INFO Visited main page
2024-10-08 18:24:56,993 INFO Visited main page
2024-10-08 18:24:57,482 INFO Visited main page
2024-10-08 18:25:17,171 INFO Visited main page
2024-10-08 18:25:18,743 INFO Visited main page
2024-10-08 18:25:19,538 INFO Visited main page
2024-10-08 18:25:31,745 INFO Visited main page
2024-10-08 18:25:43,375 INFO Visited main page
2024-10-08 18:25:44,153 INFO Visited main page
2024-10-08 18:25:45,462 INFO Visited main page
2024-10-08 18:25:47,247 INFO Visited main page
2024-10-08 18:25:51,924 INFO Visited main page
2024-10-08 18:25:56,658 INFO Visited main page
2024-10-08 18:26:07,744 INFO Visited news page
2024-10-08 18:26:38,801 INFO Visited news page
2024-10-08 18:26:40,175 INFO Visited news page
2024-10-08 18:26:55,933 INFO Visited news page
2024-10-08 18:26:56,763 INFO Visited news page
2024-10-08 18:26:57,460 INFO Visited news page
2024-10-08 18:27:11,894 INFO Visited news page
2024-10-08 18:27:12,603 INFO Visited news page
2024-10-08 18:27:54,839 INFO Visited news page
2024-10-08 18:27:56,848 INFO Visited news page
2024-10-08 18:27:57,536 INFO Visited news page
2024-10-08 18:28:02,856 INFO Visited news page
2024-10-08 18:28:03,424 INFO Visited news page
2024-10-08 18:28:03,949 INFO Visited news page
2024-10-08 18:28:14,413 INFO Visited news page
2024-10-08 18:34:26,943 INFO Visited news page
2024-10-08 18:34:29,212 INFO Visited review page
2024-10-08 18:35:16,648 INFO Visited review page
2024-10-08 18:35:17,336 INFO Visited review page
2024-10-08 18:35:17,788 INFO Visited review page
2024-10-08 18:35:18,276 INFO Visited review page
2024-10-08 18:35:20,530 INFO Visited review page
2024-10-08 18:36:57,683 INFO Visited main page
2024-10-08 18:41:50,872 INFO Visited main page
2024-10-08 18:41:52,288 INFO Visited main page
2024-10-08 18:42:40,514 INFO Visited main page
2024-10-08 18:42:41,467 INFO Visited main page
2024-10-08 18:42:42,200 INFO Visited main page
2024-10-08 18:42:50,175 INFO Visited main page
2024-10-08 18:42:50,892 INFO Visited main page
2024-10-08 18:42:55,400 INFO Visited main page
2024-10-08 18:42:55,845 INFO Visited main page
2024-10-08 18:43:04,745 INFO Visited main page
2024-10-08 18:43:05,532 INFO Visited main page
2024-10-08 18:43:11,178 INFO Visited main page
2024-10-08 18:43:12,313 INFO Visited main page
2024-10-08 18:43:28,894 INFO Visited main page
2024-10-08 18:43:29,779 INFO Visited main page
2024-10-08 18:43:45,248 INFO Visited main page
2024-10-08 18:43:45,808 INFO Visited main page
2024-10-08 18:43:48,545 INFO Visited main page
2024-10-08 18:43:48,993 INFO Visited main page
2024-10-08 18:43:49,698 INFO Visited main page
2024-10-08 18:44:02,824 INFO Visited main page
2024-10-08 18:44:03,472 INFO Visited main page
2024-10-08 18:44:07,203 INFO Visited main page
2024-10-08 18:44:43,421 INFO Visited main page
2024-10-08 18:44:49,962 INFO Visited main page
2024-10-08 18:44:50,807 INFO Visited main page
2024-10-08 18:45:08,978 INFO Visited main page
2024-10-08 18:45:09,611 INFO Visited main page
2024-10-08 18:58:36,063 INFO Visited main page
2024-10-08 18:58:56,486 INFO Visited main page
2024-10-08 18:59:13,586 INFO Visited main page
2024-10-08 18:59:14,460 INFO Visited main page
2024-10-08 18:59:15,119 INFO Visited main page
2024-10-08 18:59:15,689 INFO Visited main page
2024-10-08 18:59:15,962 INFO Visited main page
2024-10-08 18:59:16,194 INFO Visited main page
2024-10-08 18:59:16,411 INFO Visited main page
2024-10-08 18:59:16,589 INFO Visited main page
2024-10-08 18:59:51,381 INFO Visited main page
2024-10-08 18:59:51,928 INFO Visited main page
2024-10-08 18:59:52,360 INFO Visited main page
2024-10-08 18:59:52,680 INFO Visited main page
2024-10-08 19:01:18,644 INFO Visited main page
2024-10-08 19:01:28,172 INFO Visited main page
2024-10-08 19:01:29,063 INFO Visited main page
2024-10-08 19:01:43,642 INFO Visited main page
2024-10-08 19:01:44,478 INFO Visited main page
2024-10-08 19:01:55,873 INFO Visited main page
2024-10-08 19:01:56,529 INFO Visited main page
2024-10-08 19:02:10,937 INFO Visited main page
2024-10-08 19:02:11,602 INFO Visited main page
2024-10-08 19:02:30,019 INFO Visited news page
2024-10-08 19:02:48,022 INFO Visited vacancies page
2024-10-08 19:02:49,074 INFO Visited privacy page
2024-10-08 19:02:50,099 INFO Visited contacts page
2024-10-08 19:02:50,784 INFO Visited coupons page
2024-10-08 19:02:51,424 INFO Visited contacts page
2024-10-08 19:02:52,129 INFO Visited coupons page
2024-10-08 19:08:11,786 INFO Visited main page
2024-10-08 19:08:43,761 INFO Visited main page
2024-10-08 19:08:44,444 INFO Visited main page
2024-10-08 19:09:40,374 INFO Visited privacy page
2024-10-08 19:09:41,119 INFO Visited vacancies page
2024-10-08 19:09:41,955 INFO Visited contacts page
2024-10-08 19:09:56,561 INFO Visited main page
2024-10-08 19:11:35,411 INFO Visited main page
2024-10-08 19:12:07,972 INFO Visited coupons page
2024-10-08 19:14:06,297 INFO Visited coupons page
2024-10-08 19:14:14,223 INFO Visited coupons page
2024-10-08 19:14:41,769 INFO Visited coupons page
2024-10-08 19:14:42,457 INFO Visited coupons page
2024-10-08 19:14:44,049 INFO Visited coupons page
2024-10-08 19:14:44,413 INFO Visited coupons page
2024-10-08 19:14:44,692 INFO Visited coupons page
2024-10-08 19:19:55,693 INFO Visited main page
2024-10-08 19:20:36,139 INFO Visited main page
2024-10-08 19:20:56,940 INFO Visited main page
2024-10-08 19:20:57,901 INFO Visited main page
2024-10-08 19:21:00,492 INFO Visited main page
2024-10-08 19:21:01,100 INFO Visited main page
2024-10-08 19:21:10,127 INFO Visited main page
2024-10-08 19:21:10,689 INFO Visited main page
2024-10-08 19:21:14,284 INFO Visited main page
2024-10-08 19:21:21,152 INFO Visited main page
2024-10-08 19:21:21,569 INFO Visited main page
2024-10-08 19:21:33,954 INFO Visited main page
2024-10-08 19:21:34,681 INFO Visited main page
2024-10-08 19:47:27,132 INFO Visited news page
2024-10-08 19:49:22,374 WARNING Not Found: /favicon.ico
2024-10-08 19:49:41,333 INFO Visited news page
2024-10-08 19:49:42,290 INFO Visited main page
2024-10-08 19:49:44,955 INFO Visited news page
2024-10-08 20:20:50,250 INFO Visited main page
2024-10-08 20:21:23,679 INFO Visited news page
2024-10-08 20:34:36,660 INFO Visited main page
2024-10-08 20:34:38,245 INFO Visited main page
2024-10-08 20:39:36,372 INFO Visited news page
2024-10-08 20:43:41,886 INFO Visited news page
2024-10-08 20:48:18,357 INFO Visited main page
2024-10-08 20:49:05,091 INFO Visited coupons page
2024-10-08 20:49:31,271 INFO Visited main page
2024-10-08 20:50:00,824 INFO Visited main page
